2025-11-09 19:28:54 [INFO]: ??????? ???????? ? ??????? 'WOW'...
2025-11-09 19:28:54 [INFO]: ???????? ????????, URL: https://cataas.com/cat/mrPYfaRfJqUmxHN0/says/WOW?position=center&font=Impact&fontSize=50&fontColor=%23fff&fontBackground=none
2025-11-09 19:28:54 [INFO]: ???????? ??????? ????? 'pd-fpy_138'...
2025-11-09 19:28:55 [INFO]: ????? 'pd-fpy_138' ????????.
2025-11-09 19:28:55 [INFO]: ??????? ???????? ????? 'WOW_mrPYfaRfJqUmxHN0.jpg' ?? ??????.????...
2025-11-09 19:28:56 [INFO]: ???? 'WOW_mrPYfaRfJqUmxHN0.jpg' ??????? ???????? ?? ??????.????.
2025-11-09 19:28:56 [INFO]: ??????? ?????? ?????? ? ????? 'pd-fpy_138'...
2025-11-09 19:28:56 [INFO]: ?????? ? ?????? ????????? ? content.json.
2025-11-09 19:28:56 [INFO]: ???????? ????????? ???????.
2025-11-09 19:30:17 [INFO]: ??????? ???????? ? ??????? 'It's so hard'...
2025-11-09 19:30:17 [INFO]: ???????? ????????, URL: https://cataas.com/cat/Rn6xqsiHb9B7qgLw/says/It's%20so%20hard?position=center&font=Impact&fontSize=50&fontColor=%23fff&fontBackground=none
2025-11-09 19:30:17 [INFO]: ???????? ??????? ????? 'pd-fpy_138'...
2025-11-09 19:30:18 [INFO]: ????? 'pd-fpy_138' ????????.
2025-11-09 19:30:18 [INFO]: ??????? ???????? ????? 'It's so hard_Rn6xqsiHb9B7qgLw.jpg' ?? ??????.????...
2025-11-09 19:30:19 [INFO]: ???? 'It's so hard_Rn6xqsiHb9B7qgLw.jpg' ??????? ???????? ?? ??????.????.
2025-11-09 19:30:19 [INFO]: ??????? ?????? ?????? ? ????? 'pd-fpy_138'...
2025-11-09 19:30:19 [INFO]: ?????? ? ?????? ????????? ? content.json.
2025-11-09 19:30:19 [INFO]: ???????? ????????? ???????.
2025-11-09 19:31:04 [INFO]: ??????? ???????? ? ??????? 'Testing'...
2025-11-09 19:31:04 [INFO]: ???????? ????????, URL: https://cataas.com/cat/EZuu3LoM7Sz0vLMG/says/Testing?position=center&font=Impact&fontSize=50&fontColor=%23fff&fontBackground=none
2025-11-09 19:31:04 [INFO]: ???????? ??????? ????? 'pd-fpy_138'...
2025-11-09 19:31:05 [WARNING]: ????? 'pd-fpy_138' ?? ???????, ?????? ?????...
2025-11-09 19:31:05 [INFO]: ????? 'pd-fpy_138' ????????.
2025-11-09 19:31:05 [INFO]: ??????? ???????? ????? 'Testing_EZuu3LoM7Sz0vLMG.jpg' ?? ??????.????...
2025-11-09 19:31:06 [INFO]: ???? 'Testing_EZuu3LoM7Sz0vLMG.jpg' ??????? ???????? ?? ??????.????.
2025-11-09 19:31:06 [INFO]: ??????? ?????? ?????? ? ????? 'pd-fpy_138'...
2025-11-09 19:31:07 [INFO]: ?????? ? ?????? ????????? ? content.json.
2025-11-09 19:31:07 [INFO]: ???????? ????????? ???????.
